This file contains any messages produced by compilers while
running configure, to aid debugging if configure makes a mistake.

It was created by configure, which was
generated by GNU Autoconf 2.61.  Invocation command line was

  $ ./configure 

## --------- ##
## Platform. ##
## --------- ##

hostname = Home-PC
uname -m = i686
uname -r = 1.7.7(0.230/5/3)
uname -s = CYGWIN_NT-6.1-WOW64
uname -v = 2010-08-31 09:58

/usr/bin/uname -p = unknown
/bin/uname -X     = unknown

/bin/arch              = i686
/usr/bin/arch -k       = unknown
/usr/convex/getsysinfo = unknown
/usr/bin/hostinfo      = unknown
/bin/machine           = unknown
/usr/bin/oslevel       = unknown
/bin/universe          = unknown

PATH: /usr/local/bin
PATH: /usr/bin
PATH: /bin
PATH: /cygdrive/c/WinAVR-20100110/bin
PATH: /cygdrive/c/WinAVR-20100110/utils/bin
PATH: /cygdrive/c/Program Files (x86)/Atmel/AVR Tools/AVR Toolchain/bin
PATH: /cygdrive/c/Windows/system32
PATH: /cygdrive/c/Windows
PATH: /cygdrive/c/Windows/System32/Wbem
PATH: /cygdrive/c/Windows/System32/WindowsPowerShell/v1.0/
PATH: /cygdrive/c/Program Files (x86)/ATI Technologies/ATI.ACE/Core-Static
PATH: /cygdrive/c/Program Files (x86)/Common Files/Thunder Network/KanKan/Codecs
PATH: /cygdrive/c/Program Files (x86)/QuickTime/QTSystem/
PATH: /cygdrive/c/Program Files (x86)/Java/jdk1.6.0_22/bin


## ----------- ##
## Core tests. ##
## ----------- ##

configure:1789: checking for a BSD-compatible install
configure:1845: result: /usr/bin/install -c
configure:1856: checking whether build environment is sane
configure:1899: result: yes
configure:1927: checking for a thread-safe mkdir -p
configure:1966: result: /usr/bin/mkdir -p
configure:1979: checking for gawk
configure:1995: found /usr/bin/gawk
configure:2006: result: gawk
configure:2017: checking whether make sets $(MAKE)
configure:2038: result: yes
configure:2232: checking build system type
configure:2250: result: i686-pc-cygwin
configure:2272: checking host system type
configure:2287: result: i686-pc-cygwin
configure:2358: checking for gcc
configure:2374: found /usr/bin/gcc
configure:2385: result: gcc
configure:2623: checking for C compiler version
configure:2630: gcc --version >&5
gcc (GCC) 4.3.4 20090804 (release) 1
Copyright (C) 2008 Free Software Foundation, Inc.
This is free software; see the source for copying conditions.  There is NO
warranty; not even for MERCHANTABILITY or FITNESS FOR A PARTICULAR PURPOSE.

configure:2633: $? = 0
configure:2640: gcc -v >&5
Using built-in specs.
Target: i686-pc-cygwin
Configured with: /gnu/gcc/releases/respins/4.3.4-3a/gcc4-4.3.4-3/src/gcc-4.3.4/configure --srcdir=/gnu/gcc/releases/respins/4.3.4-3a/gcc4-4.3.4-3/src/gcc-4.3.4 --prefix=/usr --exec-prefix=/usr --bindir=/usr/bin --sbindir=/usr/sbin --libexecdir=/usr/lib --datadir=/usr/share --localstatedir=/var --sysconfdir=/etc --infodir=/usr/share/info --mandir=/usr/share/man --datadir=/usr/share --infodir=/usr/share/info --mandir=/usr/share/man -v --with-gmp=/usr --with-mpfr=/usr --enable-bootstrap --enable-version-specific-runtime-libs --with-slibdir=/usr/bin --libexecdir=/usr/lib --enable-static --enable-shared --enable-shared-libgcc --disable-__cxa_atexit --with-gnu-ld --with-gnu-as --with-dwarf2 --disable-sjlj-exceptions --enable-languages=ada,c,c++,fortran,java,objc,obj-c++ --disable-symvers --enable-libjava --program-suffix=-4 --enable-libgomp --enable-libssp --enable-libada --enable-threads=posix --with-arch=i686 --with-tune=generic --enable-libgcj-sublibs CC=gcc-4 CXX=g++-4 CC_FOR_TARGET=gcc-4 CXX_FOR_TARGET=g++-4 GNATMAKE_FOR_TARGET=gnatmake GNATBIND_FOR_TARGET=gnatbind --with-ecj-jar=/usr/share/java/ecj.jar
Thread model: posix
gcc version 4.3.4 20090804 (release) 1 (GCC) 
configure:2643: $? = 0
configure:2650: gcc -V >&5
gcc: '-V' option must have argument
configure:2653: $? = 1
configure:2676: checking for C compiler default output file name
configure:2703: gcc    conftest.c  >&5
configure:2706: $? = 0
configure:2744: result: a.exe
configure:2761: checking whether the C compiler works
configure:2771: ./a.exe
configure:2774: $? = 0
configure:2791: result: yes
configure:2798: checking whether we are cross compiling
configure:2800: result: no
configure:2803: checking for suffix of executables
configure:2810: gcc -o conftest.exe    conftest.c  >&5
configure:2813: $? = 0
configure:2837: result: .exe
configure:2843: checking for suffix of object files
configure:2869: gcc -c   conftest.c >&5
configure:2872: $? = 0
configure:2895: result: o
configure:2899: checking whether we are using the GNU C compiler
configure:2928: gcc -c   conftest.c >&5
configure:2934: $? = 0
configure:2951: result: yes
configure:2956: checking whether gcc accepts -g
configure:2986: gcc -c -g  conftest.c >&5
configure:2992: $? = 0
configure:3091: result: yes
configure:3108: checking for gcc option to accept ISO C89
configure:3182: gcc  -c -g -O2  conftest.c >&5
configure:3188: $? = 0
configure:3211: result: none needed
configure:3240: checking for style of include used by make
configure:3268: result: GNU
configure:3293: checking dependency style of gcc
configure:3384: result: gcc3
configure:3457: checking for g++
configure:3473: found /usr/bin/g++
configure:3484: result: g++
configure:3515: checking for C++ compiler version
configure:3522: g++ --version >&5
g++ (GCC) 4.3.4 20090804 (release) 1
Copyright (C) 2008 Free Software Foundation, Inc.
This is free software; see the source for copying conditions.  There is NO
warranty; not even for MERCHANTABILITY or FITNESS FOR A PARTICULAR PURPOSE.

configure:3525: $? = 0
configure:3532: g++ -v >&5
Using built-in specs.
Target: i686-pc-cygwin
Configured with: /gnu/gcc/releases/respins/4.3.4-3a/gcc4-4.3.4-3/src/gcc-4.3.4/configure --srcdir=/gnu/gcc/releases/respins/4.3.4-3a/gcc4-4.3.4-3/src/gcc-4.3.4 --prefix=/usr --exec-prefix=/usr --bindir=/usr/bin --sbindir=/usr/sbin --libexecdir=/usr/lib --datadir=/usr/share --localstatedir=/var --sysconfdir=/etc --infodir=/usr/share/info --mandir=/usr/share/man --datadir=/usr/share --infodir=/usr/share/info --mandir=/usr/share/man -v --with-gmp=/usr --with-mpfr=/usr --enable-bootstrap --enable-version-specific-runtime-libs --with-slibdir=/usr/bin --libexecdir=/usr/lib --enable-static --enable-shared --enable-shared-libgcc --disable-__cxa_atexit --with-gnu-ld --with-gnu-as --with-dwarf2 --disable-sjlj-exceptions --enable-languages=ada,c,c++,fortran,java,objc,obj-c++ --disable-symvers --enable-libjava --program-suffix=-4 --enable-libgomp --enable-libssp --enable-libada --enable-threads=posix --with-arch=i686 --with-tune=generic --enable-libgcj-sublibs CC=gcc-4 CXX=g++-4 CC_FOR_TARGET=gcc-4 CXX_FOR_TARGET=g++-4 GNATMAKE_FOR_TARGET=gnatmake GNATBIND_FOR_TARGET=gnatbind --with-ecj-jar=/usr/share/java/ecj.jar
Thread model: posix
gcc version 4.3.4 20090804 (release) 1 (GCC) 
configure:3535: $? = 0
configure:3542: g++ -V >&5
g++: '-V' option must have argument
configure:3545: $? = 1
configure:3548: checking whether we are using the GNU C++ compiler
configure:3577: g++ -c   conftest.cpp >&5
configure:3583: $? = 0
configure:3600: result: yes
configure:3605: checking whether g++ accepts -g
configure:3635: g++ -c -g  conftest.cpp >&5
configure:3641: $? = 0
configure:3740: result: yes
configure:3765: checking dependency style of g++
configure:3856: result: gcc3
configure:3884: checking for a BSD-compatible install
configure:3940: result: /usr/bin/install -c
configure:3959: checking how to run the C preprocessor
configure:3999: gcc -E  conftest.c
configure:4005: $? = 0
configure:4036: gcc -E  conftest.c
conftest.c:10:28: error: ac_nonexistent.h: No such file or directory
configure:4042: $? = 1
configure: failed program was:
| /* confdefs.h.  */
| #define PACKAGE_NAME ""
| #define PACKAGE_TARNAME ""
| #define PACKAGE_VERSION ""
| #define PACKAGE_STRING ""
| #define PACKAGE_BUGREPORT ""
| #define PACKAGE "uisp"
| #define VERSION "20050519tinyos"
| /* end confdefs.h.  */
| #include <ac_nonexistent.h>
configure:4075: result: gcc -E
configure:4104: gcc -E  conftest.c
configure:4110: $? = 0
configure:4141: gcc -E  conftest.c
conftest.c:10:28: error: ac_nonexistent.h: No such file or directory
configure:4147: $? = 1
configure: failed program was:
| /* confdefs.h.  */
| #define PACKAGE_NAME ""
| #define PACKAGE_TARNAME ""
| #define PACKAGE_VERSION ""
| #define PACKAGE_STRING ""
| #define PACKAGE_BUGREPORT ""
| #define PACKAGE "uisp"
| #define VERSION "20050519tinyos"
| /* end confdefs.h.  */
| #include <ac_nonexistent.h>
configure:4185: checking for grep that handles long lines and -e
configure:4259: result: /usr/bin/grep
configure:4264: checking for egrep
configure:4342: result: /usr/bin/grep -E
configure:4347: checking for ANSI C header files
configure:4377: gcc -c -g -O2  conftest.c >&5
configure:4383: $? = 0
configure:4482: gcc -o conftest.exe -g -O2   conftest.c  >&5
configure:4485: $? = 0
configure:4491: ./conftest.exe
configure:4494: $? = 0
configure:4511: result: yes
configure:4535: checking for sys/types.h
configure:4556: gcc -c -g -O2  conftest.c >&5
configure:4562: $? = 0
configure:4578: result: yes
configure:4535: checking for sys/stat.h
configure:4556: gcc -c -g -O2  conftest.c >&5
configure:4562: $? = 0
configure:4578: result: yes
configure:4535: checking for stdlib.h
configure:4556: gcc -c -g -O2  conftest.c >&5
configure:4562: $? = 0
configure:4578: result: yes
configure:4535: checking for string.h
configure:4556: gcc -c -g -O2  conftest.c >&5
configure:4562: $? = 0
configure:4578: result: yes
configure:4535: checking for memory.h
configure:4556: gcc -c -g -O2  conftest.c >&5
configure:4562: $? = 0
configure:4578: result: yes
configure:4535: checking for strings.h
configure:4556: gcc -c -g -O2  conftest.c >&5
configure:4562: $? = 0
configure:4578: result: yes
configure:4535: checking for inttypes.h
configure:4556: gcc -c -g -O2  conftest.c >&5
configure:4562: $? = 0
configure:4578: result: yes
configure:4535: checking for stdint.h
configure:4556: gcc -c -g -O2  conftest.c >&5
configure:4562: $? = 0
configure:4578: result: yes
configure:4535: checking for unistd.h
configure:4556: gcc -c -g -O2  conftest.c >&5
configure:4562: $? = 0
configure:4578: result: yes
configure:4608: checking fcntl.h usability
configure:4625: gcc -c -g -O2  conftest.c >&5
configure:4631: $? = 0
configure:4645: result: yes
configure:4649: checking fcntl.h presence
configure:4664: gcc -E  conftest.c
configure:4670: $? = 0
configure:4684: result: yes
configure:4712: checking for fcntl.h
configure:4720: result: yes
configure:4608: checking sys/ioctl.h usability
configure:4625: gcc -c -g -O2  conftest.c >&5
configure:4631: $? = 0
configure:4645: result: yes
configure:4649: checking sys/ioctl.h presence
configure:4664: gcc -E  conftest.c
configure:4670: $? = 0
configure:4684: result: yes
configure:4712: checking for sys/ioctl.h
configure:4720: result: yes
configure:4608: checking sys/time.h usability
configure:4625: gcc -c -g -O2  conftest.c >&5
configure:4631: $? = 0
configure:4645: result: yes
configure:4649: checking sys/time.h presence
configure:4664: gcc -E  conftest.c
configure:4670: $? = 0
configure:4684: result: yes
configure:4712: checking for sys/time.h
configure:4720: result: yes
configure:4598: checking for unistd.h
configure:4604: result: yes
configure:4734: checking for an ANSI C-conforming const
configure:4809: gcc -c -g -O2  conftest.c >&5
configure:4815: $? = 0
configure:4830: result: yes
configure:4840: checking for size_t
configure:4870: gcc -c -g -O2  conftest.c >&5
configure:4876: $? = 0
configure:4891: result: yes
configure:4903: checking whether time.h and sys/time.h may both be included
configure:4933: gcc -c -g -O2  conftest.c >&5
configure:4939: $? = 0
configure:4954: result: yes
configure:4966: checking whether gcc needs -traditional
conftest.c:25:19: error: sgtty.h: No such file or directory
configure:5008: result: no
configure:5015: checking for working memcmp
configure:5068: gcc -o conftest.exe -g -O2   conftest.c  >&5
configure:5071: $? = 0
configure:5077: ./conftest.exe
configure:5080: $? = 0
configure:5096: result: yes
configure:5109: checking for vprintf
configure:5165: gcc -o conftest.exe -g -O2   conftest.c  >&5
conftest.c:48: warning: conflicting types for built-in function 'vprintf'
configure:5171: $? = 0
configure:5189: result: yes
configure:5196: checking for _doprnt
configure:5252: gcc -o conftest.exe -g -O2   conftest.c  >&5
/tmp/cc4i8rBd.o: In function `main':
/cygdrive/c/LiteOS/Tools/uisp/conftest.c:60: undefined reference to `__doprnt'
collect2: ld returned 1 exit status
configure:5258: $? = 1
configure: failed program was:
| /* confdefs.h.  */
| #define PACKAGE_NAME ""
| #define PACKAGE_TARNAME ""
| #define PACKAGE_VERSION ""
| #define PACKAGE_STRING ""
| #define PACKAGE_BUGREPORT ""
| #define PACKAGE "uisp"
| #define VERSION "20050519tinyos"
| #define STDC_HEADERS 1
| #define HAVE_SYS_TYPES_H 1
| #define HAVE_SYS_STAT_H 1
| #define HAVE_STDLIB_H 1
| #define HAVE_STRING_H 1
| #define HAVE_MEMORY_H 1
| #define HAVE_STRINGS_H 1
| #define HAVE_INTTYPES_H 1
| #define HAVE_STDINT_H 1
| #define HAVE_UNISTD_H 1
| #define HAVE_FCNTL_H 1
| #define HAVE_SYS_IOCTL_H 1
| #define HAVE_SYS_TIME_H 1
| #define HAVE_UNISTD_H 1
| #define TIME_WITH_SYS_TIME 1
| #define HAVE_VPRINTF 1
| /* end confdefs.h.  */
| /* Define _doprnt to an innocuous variant, in case <limits.h> declares _doprnt.
|    For example, HP-UX 11i <limits.h> declares gettimeofday.  */
| #define _doprnt innocuous__doprnt
| 
| /* System header to define __stub macros and hopefully few prototypes,
|     which can conflict with char _doprnt (); below.
|     Prefer <limits.h> to <assert.h> if __STDC__ is defined, since
|     <limits.h> exists even on freestanding compilers.  */
| 
| #ifdef __STDC__
| # include <limits.h>
| #else
| # include <assert.h>
| #endif
| 
| #undef _doprnt
| 
| /* Override any GCC internal prototype to avoid an error.
|    Use char because int might match the return type of a GCC
|    builtin and then its argument prototype would still apply.  */
| #ifdef __cplusplus
| extern "C"
| #endif
| char _doprnt ();
| /* The GNU C library defines this for functions which it implements
|     to always fail with ENOSYS.  Some functions are actually named
|     something starting with __ and the normal name is an alias.  */
| #if defined __stub__doprnt || defined __stub____doprnt
| choke me
| #endif
| 
| int
| main ()
| {
| return _doprnt ();
|   ;
|   return 0;
| }
configure:5275: result: no
configure:5297: checking for gettimeofday
configure:5353: gcc -o conftest.exe -g -O2   conftest.c  >&5
configure:5359: $? = 0
configure:5377: result: yes
configure:5297: checking for select
configure:5353: gcc -o conftest.exe -g -O2   conftest.c  >&5
configure:5359: $? = 0
configure:5377: result: yes
configure:5297: checking for strstr
configure:5353: gcc -o conftest.exe -g -O2   conftest.c  >&5
conftest.c:51: warning: conflicting types for built-in function 'strstr'
configure:5359: $? = 0
configure:5377: result: yes
configure:5297: checking for strtol
configure:5353: gcc -o conftest.exe -g -O2   conftest.c  >&5
configure:5359: $? = 0
configure:5377: result: yes
configure:5297: checking for strtod
configure:5353: gcc -o conftest.exe -g -O2   conftest.c  >&5
configure:5359: $? = 0
configure:5377: result: yes
configure:5395: checking for cygwin
configure:5399: result: yes
configure:5547: creating ./config.status

## ---------------------- ##
## Running config.status. ##
## ---------------------- ##

This file was extended by config.status, which was
generated by GNU Autoconf 2.61.  Invocation command line was

  CONFIG_FILES    = 
  CONFIG_HEADERS  = 
  CONFIG_LINKS    = 
  CONFIG_COMMANDS = 
  $ ./config.status 

on Home-PC

config.status:661: creating src/Makefile
config.status:661: creating kernel/Makefile
config.status:661: creating kernel/win32/Makefile
config.status:661: creating uisp.1
config.status:661: creating uisp.spec
config.status:661: creating Makefile
config.status:661: creating src/config.h
config.status:898: src/config.h is unchanged
config.status:944: executing depfiles commands

## ---------------- ##
## Cache variables. ##
## ---------------- ##

ac_cv_build=i686-pc-cygwin
ac_cv_c_compiler_gnu=yes
ac_cv_c_const=yes
ac_cv_cxx_compiler_gnu=yes
ac_cv_env_CCC_set=
ac_cv_env_CCC_value=
ac_cv_env_CC_set=
ac_cv_env_CC_value=
ac_cv_env_CFLAGS_set=
ac_cv_env_CFLAGS_value=
ac_cv_env_CPPFLAGS_set=
ac_cv_env_CPPFLAGS_value=
ac_cv_env_CPP_set=
ac_cv_env_CPP_value=
ac_cv_env_CXXFLAGS_set=
ac_cv_env_CXXFLAGS_value=
ac_cv_env_CXX_set=
ac_cv_env_CXX_value=
ac_cv_env_LDFLAGS_set=
ac_cv_env_LDFLAGS_value=
ac_cv_env_LIBS_set=
ac_cv_env_LIBS_value=
ac_cv_env_build_alias_set=
ac_cv_env_build_alias_value=
ac_cv_env_host_alias_set=
ac_cv_env_host_alias_value=
ac_cv_env_target_alias_set=
ac_cv_env_target_alias_value=
ac_cv_exeext=.exe
ac_cv_func__doprnt=no
ac_cv_func_gettimeofday=yes
ac_cv_func_memcmp_working=yes
ac_cv_func_select=yes
ac_cv_func_strstr=yes
ac_cv_func_strtod=yes
ac_cv_func_strtol=yes
ac_cv_func_vprintf=yes
ac_cv_header_fcntl_h=yes
ac_cv_header_inttypes_h=yes
ac_cv_header_memory_h=yes
ac_cv_header_stdc=yes
ac_cv_header_stdint_h=yes
ac_cv_header_stdlib_h=yes
ac_cv_header_string_h=yes
ac_cv_header_strings_h=yes
ac_cv_header_sys_ioctl_h=yes
ac_cv_header_sys_stat_h=yes
ac_cv_header_sys_time_h=yes
ac_cv_header_sys_types_h=yes
ac_cv_header_time=yes
ac_cv_header_unistd_h=yes
ac_cv_host=i686-pc-cygwin
ac_cv_objext=o
ac_cv_path_EGREP='/usr/bin/grep -E'
ac_cv_path_GREP=/usr/bin/grep
ac_cv_path_install='/usr/bin/install -c'
ac_cv_path_mkdir=/usr/bin/mkdir
ac_cv_prog_AWK=gawk
ac_cv_prog_CPP='gcc -E'
ac_cv_prog_ac_ct_CC=gcc
ac_cv_prog_ac_ct_CXX=g++
ac_cv_prog_cc_c89=
ac_cv_prog_cc_g=yes
ac_cv_prog_cxx_g=yes
ac_cv_prog_gcc_traditional=no
ac_cv_prog_make_make_set=yes
ac_cv_type_size_t=yes
am_cv_CC_dependencies_compiler_type=gcc3
am_cv_CXX_dependencies_compiler_type=gcc3

## ----------------- ##
## Output variables. ##
## ----------------- ##

ACLOCAL='${SHELL} /cygdrive/c/LiteOS/Tools/uisp/config/missing --run aclocal-1.10'
AMDEPBACKSLASH='\'
AMDEP_FALSE='#'
AMDEP_TRUE=''
AMTAR='${SHELL} /cygdrive/c/LiteOS/Tools/uisp/config/missing --run tar'
AUTOCONF='${SHELL} /cygdrive/c/LiteOS/Tools/uisp/config/missing --run autoconf'
AUTOHEADER='${SHELL} /cygdrive/c/LiteOS/Tools/uisp/config/missing --run autoheader'
AUTOMAKE='${SHELL} /cygdrive/c/LiteOS/Tools/uisp/config/missing --run automake-1.10'
AWK='gawk'
CC='gcc'
CCDEPMODE='depmode=gcc3'
CFLAGS='-g -O2'
CPP='gcc -E'
CPPFLAGS=''
CXX='g++'
CXXDEPMODE='depmode=gcc3'
CXXFLAGS='-g -O2'
CYGPATH_W='cygpath -w'
CYGWIN_FALSE='#'
CYGWIN_TRUE=''
DATE='October, 2010'
DEFS='-DHAVE_CONFIG_H'
DEPDIR='.deps'
ECHO_C=''
ECHO_N='-n'
ECHO_T=''
EGREP='/usr/bin/grep -E'
EXEEXT='.exe'
GREP='/usr/bin/grep'
INSTALL_DATA='${INSTALL} -m 644'
INSTALL_PROGRAM='${INSTALL}'
INSTALL_SCRIPT='${INSTALL}'
INSTALL_STRIP_PROGRAM='$(install_sh) -c -s'
LDFLAGS=''
LIBOBJS=''
LIBS=''
LTLIBOBJS=''
MAKEINFO='${SHELL} /cygdrive/c/LiteOS/Tools/uisp/config/missing --run makeinfo'
OBJEXT='o'
PACKAGE='uisp'
PACKAGE_BUGREPORT=''
PACKAGE_NAME=''
PACKAGE_STRING=''
PACKAGE_TARNAME=''
PACKAGE_VERSION=''
PATH_SEPARATOR=':'
SET_MAKE=''
SHELL='/bin/sh'
STRIP=''
VERSION='20050519tinyos'
ac_aux_dir='config'
ac_ct_CC='gcc'
ac_ct_CXX='g++'
am__fastdepCC_FALSE='#'
am__fastdepCC_TRUE=''
am__fastdepCXX_FALSE='#'
am__fastdepCXX_TRUE=''
am__include='include'
am__isrc=''
am__leading_dot='.'
am__quote=''
am__tar='${AMTAR} chof - "$$tardir"'
am__untar='${AMTAR} xf -'
bindir='${exec_prefix}/bin'
build='i686-pc-cygwin'
build_alias=''
build_cpu='i686'
build_os='cygwin'
build_vendor='pc'
datadir='${datarootdir}'
datarootdir='${prefix}/share'
docdir='${datarootdir}/doc/${PACKAGE}'
dvidir='${docdir}'
exec_prefix='${prefix}'
host='i686-pc-cygwin'
host_alias=''
host_cpu='i686'
host_os='cygwin'
host_vendor='pc'
htmldir='${docdir}'
includedir='${prefix}/include'
infodir='${datarootdir}/info'
install_sh='$(SHELL) /cygdrive/c/LiteOS/Tools/uisp/config/install-sh'
libdir='${exec_prefix}/lib'
libexecdir='${exec_prefix}/libexec'
localedir='${datarootdir}/locale'
localstatedir='${prefix}/var'
mandir='${datarootdir}/man'
mkdir_p='/usr/bin/mkdir -p'
oldincludedir='/usr/include'
pdfdir='${docdir}'
prefix='/usr/local'
program_transform_name='s,x,x,'
psdir='${docdir}'
sbindir='${exec_prefix}/sbin'
sharedstatedir='${prefix}/com'
sysconfdir='${prefix}/etc'
target_alias=''

## ----------- ##
## confdefs.h. ##
## ----------- ##

#define PACKAGE_NAME ""
#define PACKAGE_TARNAME ""
#define PACKAGE_VERSION ""
#define PACKAGE_STRING ""
#define PACKAGE_BUGREPORT ""
#define PACKAGE "uisp"
#define VERSION "20050519tinyos"
#define STDC_HEADERS 1
#define HAVE_SYS_TYPES_H 1
#define HAVE_SYS_STAT_H 1
#define HAVE_STDLIB_H 1
#define HAVE_STRING_H 1
#define HAVE_MEMORY_H 1
#define HAVE_STRINGS_H 1
#define HAVE_INTTYPES_H 1
#define HAVE_STDINT_H 1
#define HAVE_UNISTD_H 1
#define HAVE_FCNTL_H 1
#define HAVE_SYS_IOCTL_H 1
#define HAVE_SYS_TIME_H 1
#define HAVE_UNISTD_H 1
#define TIME_WITH_SYS_TIME 1
#define HAVE_VPRINTF 1
#define HAVE_GETTIMEOFDAY 1
#define HAVE_SELECT 1
#define HAVE_STRSTR 1
#define HAVE_STRTOL 1
#define HAVE_STRTOD 1

configure: exit 0
